2014-08-06 09:52:55.986+0000 INFO  [org.neo4j]: [target/batchinserter-example/neostore.relationshiptypestore.db.names] brickCount=0 brickSize=0b mappedMem=0b (storeSize=38b)
2014-08-06 09:52:55.986+0000 INFO  [org.neo4j]: [target/batchinserter-example/neostore.relationshiptypestore.db] brickCount=0 brickSize=0b mappedMem=0b (storeSize=0b)
2014-08-06 09:52:55.986+0000 INFO  [org.neo4j]: target/batchinserter-example/neostore.relationshiptypestore.db.names hit=0 miss=0 switches=0 ooe=0
2014-08-06 09:52:56.022+0000 INFO  [org.neo4j]: target/batchinserter-example/neostore.relationshiptypestore.db hit=0 miss=0 switches=0 ooe=0
2014-08-06 09:52:56.071+0000 INFO  [org.neo4j]: [target/batchinserter-example/neostore.labeltokenstore.db.names] brickCount=0 brickSize=0b mappedMem=0b (storeSize=38b)
2014-08-06 09:52:56.072+0000 INFO  [org.neo4j]: [target/batchinserter-example/neostore.labeltokenstore.db] brickCount=0 brickSize=0b mappedMem=0b (storeSize=0b)
2014-08-06 09:52:56.072+0000 INFO  [org.neo4j]: target/batchinserter-example/neostore.labeltokenstore.db.names hit=0 miss=0 switches=0 ooe=0
2014-08-06 09:52:56.100+0000 INFO  [org.neo4j]: target/batchinserter-example/neostore.labeltokenstore.db hit=0 miss=0 switches=0 ooe=0
2014-08-06 09:52:56.157+0000 INFO  [org.neo4j]: [target/batchinserter-example/neostore.relationshiptypestore.db.names] brickCount=0 brickSize=0b mappedMem=0b (storeSize=38b)
2014-08-06 09:52:56.157+0000 INFO  [org.neo4j]: [target/batchinserter-example/neostore.relationshiptypestore.db] brickCount=0 brickSize=0b mappedMem=0b (storeSize=0b)
2014-08-06 09:52:56.158+0000 INFO  [org.neo4j]: [target/batchinserter-example/neostore.labeltokenstore.db.names] brickCount=0 brickSize=0b mappedMem=0b (storeSize=38b)
2014-08-06 09:52:56.158+0000 INFO  [org.neo4j]: [target/batchinserter-example/neostore.labeltokenstore.db] brickCount=0 brickSize=0b mappedMem=0b (storeSize=0b)
2014-08-06 09:52:56.158+0000 INFO  [org.neo4j]: [target/batchinserter-example/neostore.propertystore.db.strings] brickCount=0 brickSize=136192b mappedMem=136314880b (storeSize=128b)
2014-08-06 09:52:56.161+0000 INFO  [org.neo4j]: [target/batchinserter-example/neostore.propertystore.db.index.keys] brickCount=0 brickSize=1026b mappedMem=1048576b (storeSize=38b)
2014-08-06 09:52:56.161+0000 INFO  [org.neo4j]: [target/batchinserter-example/neostore.propertystore.db.index] brickCount=0 brickSize=10485b mappedMem=1048576b (storeSize=0b)
2014-08-06 09:52:56.162+0000 INFO  [org.neo4j]: [target/batchinserter-example/neostore.propertystore.db.arrays] brickCount=0 brickSize=136192b mappedMem=136314880b (storeSize=128b)
2014-08-06 09:52:56.162+0000 INFO  [org.neo4j]: [target/batchinserter-example/neostore.propertystore.db] brickCount=0 brickSize=943697b mappedMem=94371840b (storeSize=0b)
2014-08-06 09:52:56.162+0000 INFO  [org.neo4j]: [target/batchinserter-example/neostore.relationshipstore.db] brickCount=0 brickSize=524280b mappedMem=52428800b (storeSize=0b)
2014-08-06 09:52:56.163+0000 INFO  [org.neo4j]: [target/batchinserter-example/neostore.nodestore.db.labels] brickCount=0 brickSize=0b mappedMem=0b (storeSize=68b)
2014-08-06 09:52:56.170+0000 INFO  [org.neo4j]: [target/batchinserter-example/neostore.nodestore.db] brickCount=0 brickSize=209715b mappedMem=20971520b (storeSize=0b)
2014-08-06 09:52:56.177+0000 INFO  [org.neo4j]: [target/batchinserter-example/neostore.schemastore.db] brickCount=0 brickSize=0b mappedMem=0b (storeSize=64b)
2014-08-06 09:52:56.185+0000 INFO  [org.neo4j]: [target/batchinserter-example/neostore.relationshipgroupstore.db] brickCount=0 brickSize=0b mappedMem=0b (storeSize=25b)
2014-08-06 09:52:56.190+0000 INFO  [org.neo4j]: [target/batchinserter-example/neostore] brickCount=0 brickSize=0b mappedMem=0b (storeSize=0b)
2014-08-06 09:52:56.190+0000 INFO  [org.neo4j]: target/batchinserter-example/neostore.relationshiptypestore.db.names hit=0 miss=0 switches=0 ooe=0
2014-08-06 09:52:56.244+0000 INFO  [org.neo4j]: target/batchinserter-example/neostore.relationshiptypestore.db hit=0 miss=0 switches=0 ooe=0
2014-08-06 09:52:56.266+0000 INFO  [org.neo4j]: target/batchinserter-example/neostore.labeltokenstore.db.names hit=0 miss=0 switches=0 ooe=0
2014-08-06 09:52:56.283+0000 INFO  [org.neo4j]: target/batchinserter-example/neostore.labeltokenstore.db hit=0 miss=0 switches=0 ooe=0
2014-08-06 09:52:56.304+0000 INFO  [org.neo4j]: target/batchinserter-example/neostore.propertystore.db.strings hit=0 miss=0 switches=0 ooe=0
2014-08-06 09:52:56.321+0000 INFO  [org.neo4j]: target/batchinserter-example/neostore.propertystore.db.index.keys hit=0 miss=0 switches=0 ooe=0
2014-08-06 09:52:56.340+0000 INFO  [org.neo4j]: target/batchinserter-example/neostore.propertystore.db.index hit=0 miss=0 switches=0 ooe=0
2014-08-06 09:52:56.365+0000 INFO  [org.neo4j]: target/batchinserter-example/neostore.propertystore.db.arrays hit=0 miss=0 switches=0 ooe=0
2014-08-06 09:52:56.387+0000 INFO  [org.neo4j]: target/batchinserter-example/neostore.propertystore.db hit=0 miss=0 switches=0 ooe=0
2014-08-06 09:52:56.411+0000 INFO  [org.neo4j]: target/batchinserter-example/neostore.relationshipstore.db hit=0 miss=0 switches=0 ooe=0
2014-08-06 09:52:56.433+0000 INFO  [org.neo4j]: target/batchinserter-example/neostore.nodestore.db.labels hit=0 miss=0 switches=0 ooe=0
2014-08-06 09:52:56.452+0000 INFO  [org.neo4j]: target/batchinserter-example/neostore.nodestore.db hit=0 miss=0 switches=0 ooe=0
2014-08-06 09:52:56.478+0000 INFO  [org.neo4j]: target/batchinserter-example/neostore.schemastore.db hit=0 miss=0 switches=0 ooe=0
2014-08-06 09:52:56.502+0000 INFO  [org.neo4j]: target/batchinserter-example/neostore.relationshipgroupstore.db hit=0 miss=0 switches=0 ooe=0
2014-08-06 09:52:56.521+0000 INFO  [org.neo4j]: target/batchinserter-example/neostore hit=0 miss=8 switches=0 ooe=0
2014-08-06 09:52:56.543+0000 INFO  [org.neo4j]: Thread[main,5,main] Starting BatchInserter(EmbeddedBatchInserter[target/batchinserter-example])
2014-08-06 09:52:56.544+0000 INFO  [org.neo4j]: [target/batchinserter-example/neostore.relationshiptypestore.db.names] brickCount=0 brickSize=0b mappedMem=0b (storeSize=38b)
2014-08-06 09:52:56.545+0000 INFO  [org.neo4j]: [target/batchinserter-example/neostore.relationshiptypestore.db] brickCount=0 brickSize=0b mappedMem=0b (storeSize=0b)
2014-08-06 09:52:56.545+0000 INFO  [org.neo4j]: [target/batchinserter-example/neostore.labeltokenstore.db.names] brickCount=0 brickSize=0b mappedMem=0b (storeSize=38b)
2014-08-06 09:52:56.546+0000 INFO  [org.neo4j]: [target/batchinserter-example/neostore.labeltokenstore.db] brickCount=0 brickSize=0b mappedMem=0b (storeSize=0b)
2014-08-06 09:52:56.546+0000 INFO  [org.neo4j]: [target/batchinserter-example/neostore.propertystore.db.strings] brickCount=0 brickSize=136192b mappedMem=136314880b (storeSize=128b)
2014-08-06 09:52:56.548+0000 INFO  [org.neo4j]: [target/batchinserter-example/neostore.propertystore.db.index.keys] brickCount=0 brickSize=1026b mappedMem=1048576b (storeSize=38b)
2014-08-06 09:52:56.548+0000 INFO  [org.neo4j]: [target/batchinserter-example/neostore.propertystore.db.index] brickCount=0 brickSize=10485b mappedMem=1048576b (storeSize=0b)
2014-08-06 09:52:56.549+0000 INFO  [org.neo4j]: [target/batchinserter-example/neostore.propertystore.db.arrays] brickCount=0 brickSize=136192b mappedMem=136314880b (storeSize=128b)
2014-08-06 09:52:56.549+0000 INFO  [org.neo4j]: [target/batchinserter-example/neostore.propertystore.db] brickCount=0 brickSize=943697b mappedMem=94371840b (storeSize=0b)
2014-08-06 09:52:56.549+0000 INFO  [org.neo4j]: [target/batchinserter-example/neostore.relationshipstore.db] brickCount=0 brickSize=524280b mappedMem=52428800b (storeSize=0b)
2014-08-06 09:52:56.550+0000 INFO  [org.neo4j]: [target/batchinserter-example/neostore.nodestore.db.labels] brickCount=0 brickSize=0b mappedMem=0b (storeSize=68b)
2014-08-06 09:52:56.557+0000 INFO  [org.neo4j]: [target/batchinserter-example/neostore.nodestore.db] brickCount=0 brickSize=209715b mappedMem=20971520b (storeSize=0b)
2014-08-06 09:52:56.567+0000 INFO  [org.neo4j]: [target/batchinserter-example/neostore.schemastore.db] brickCount=0 brickSize=0b mappedMem=0b (storeSize=64b)
2014-08-06 09:52:56.575+0000 INFO  [org.neo4j]: [target/batchinserter-example/neostore.relationshipgroupstore.db] brickCount=0 brickSize=0b mappedMem=0b (storeSize=25b)
2014-08-06 09:52:56.576+0000 INFO  [org.neo4j]: [target/batchinserter-example/neostore] brickCount=0 brickSize=0b mappedMem=0b (storeSize=63b)
2014-08-06 09:52:56.581+0000 INFO  [org.neo4j]: No lucene scan store index found, this might just be first use. Preparing to rebuild.
2014-08-06 09:52:56.582+0000 INFO  [org.neo4j]: No lucene scan store index found, this might just be first use. Preparing to rebuild.
2014-08-06 09:52:56.583+0000 INFO  [org.neo4j]: Rebuilding lucene scan store, this may take a while
2014-08-06 09:52:56.583+0000 INFO  [org.neo4j]: Lucene scan store rebuilt (roughly -1 nodes)
2014-08-06 09:52:57.911+0000 INFO  [org.neo4j]: target/batchinserter-example/neostore.relationshiptypestore.db.names hit=0 miss=1 switches=0 ooe=0
2014-08-06 09:52:57.934+0000 INFO  [org.neo4j]: target/batchinserter-example/neostore.relationshiptypestore.db hit=0 miss=1 switches=0 ooe=0
2014-08-06 09:52:57.955+0000 INFO  [org.neo4j]: target/batchinserter-example/neostore.labeltokenstore.db.names hit=0 miss=1 switches=0 ooe=0
2014-08-06 09:52:57.979+0000 INFO  [org.neo4j]: target/batchinserter-example/neostore.labeltokenstore.db hit=0 miss=1 switches=0 ooe=0
2014-08-06 09:52:58.009+0000 INFO  [org.neo4j]: target/batchinserter-example/neostore.propertystore.db.strings hit=30562 miss=0 switches=0 ooe=0
2014-08-06 09:52:58.029+0000 INFO  [org.neo4j]: target/batchinserter-example/neostore.propertystore.db.index.keys hit=5 miss=0 switches=0 ooe=0
2014-08-06 09:52:58.052+0000 INFO  [org.neo4j]: target/batchinserter-example/neostore.propertystore.db.index hit=5 miss=0 switches=0 ooe=0
2014-08-06 09:52:58.094+0000 INFO  [org.neo4j]: target/batchinserter-example/neostore.propertystore.db.arrays hit=0 miss=0 switches=0 ooe=0
2014-08-06 09:52:58.116+0000 INFO  [org.neo4j]: target/batchinserter-example/neostore.propertystore.db hit=57680 miss=0 switches=0 ooe=0
2014-08-06 09:52:58.138+0000 INFO  [org.neo4j]: target/batchinserter-example/neostore.relationshipstore.db hit=36139 miss=0 switches=0 ooe=0
2014-08-06 09:52:58.159+0000 INFO  [org.neo4j]: target/batchinserter-example/neostore.nodestore.db.labels hit=0 miss=0 switches=0 ooe=0
2014-08-06 09:52:58.183+0000 INFO  [org.neo4j]: target/batchinserter-example/neostore.nodestore.db hit=79094 miss=0 switches=0 ooe=0
2014-08-06 09:52:58.204+0000 INFO  [org.neo4j]: target/batchinserter-example/neostore.schemastore.db hit=0 miss=2 switches=0 ooe=0
2014-08-06 09:52:58.226+0000 INFO  [org.neo4j]: target/batchinserter-example/neostore.relationshipgroupstore.db hit=0 miss=951 switches=0 ooe=0
2014-08-06 09:52:58.249+0000 INFO  [org.neo4j]: target/batchinserter-example/neostore hit=0 miss=2 switches=0 ooe=0
2014-08-06 09:52:58.271+0000 INFO  [org.neo4j]: Thread[main,5,main] Clean shutdown on BatchInserter(EmbeddedBatchInserter[target/batchinserter-example])
2014-08-06 10:10:46.306+0000 INFO  [org.neo4j]: Thread[main,5,main] Starting BatchInserter(EmbeddedBatchInserter[target/batchinserter-example])
2014-08-06 10:10:46.306+0000 INFO  [org.neo4j]: [target/batchinserter-example/neostore.relationshiptypestore.db.names] brickCount=0 brickSize=0b mappedMem=0b (storeSize=76b)
2014-08-06 10:10:46.307+0000 INFO  [org.neo4j]: [target/batchinserter-example/neostore.relationshiptypestore.db] brickCount=0 brickSize=0b mappedMem=0b (storeSize=5b)
2014-08-06 10:10:46.307+0000 INFO  [org.neo4j]: [target/batchinserter-example/neostore.labeltokenstore.db.names] brickCount=0 brickSize=0b mappedMem=0b (storeSize=76b)
2014-08-06 10:10:46.307+0000 INFO  [org.neo4j]: [target/batchinserter-example/neostore.labeltokenstore.db] brickCount=0 brickSize=0b mappedMem=0b (storeSize=5b)
2014-08-06 10:10:46.307+0000 INFO  [org.neo4j]: [target/batchinserter-example/neostore.propertystore.db.strings] brickCount=28 brickSize=136192b mappedMem=136314880b (storeSize=3912064b)
2014-08-06 10:10:46.308+0000 INFO  [org.neo4j]: [target/batchinserter-example/neostore.propertystore.db.index.keys] brickCount=0 brickSize=1026b mappedMem=1048576b (storeSize=228b)
2014-08-06 10:10:46.308+0000 INFO  [org.neo4j]: [target/batchinserter-example/neostore.propertystore.db.index] brickCount=0 brickSize=1044b mappedMem=1048576b (storeSize=45b)
2014-08-06 10:10:46.308+0000 INFO  [org.neo4j]: [target/batchinserter-example/neostore.propertystore.db.arrays] brickCount=0 brickSize=136192b mappedMem=136314880b (storeSize=128b)
2014-08-06 10:10:46.309+0000 INFO  [org.neo4j]: [target/batchinserter-example/neostore.propertystore.db] brickCount=12 brickSize=94341b mappedMem=94371840b (storeSize=1182440b)
2014-08-06 10:10:46.314+0000 INFO  [org.neo4j]: [target/batchinserter-example/neostore.relationshipstore.db] brickCount=8 brickSize=52428b mappedMem=52428800b (storeSize=428706b)
2014-08-06 10:10:46.319+0000 INFO  [org.neo4j]: [target/batchinserter-example/neostore.nodestore.db.labels] brickCount=0 brickSize=0b mappedMem=0b (storeSize=68b)
2014-08-06 10:10:46.326+0000 INFO  [org.neo4j]: [target/batchinserter-example/neostore.nodestore.db] brickCount=10 brickSize=20970b mappedMem=20971520b (storeSize=214935b)
2014-08-06 10:10:46.328+0000 INFO  [org.neo4j]: [target/batchinserter-example/neostore.schemastore.db] brickCount=0 brickSize=0b mappedMem=0b (storeSize=128b)
2014-08-06 10:10:46.329+0000 INFO  [org.neo4j]: [target/batchinserter-example/neostore.relationshipgroupstore.db] brickCount=0 brickSize=0b mappedMem=0b (storeSize=50b)
2014-08-06 10:10:46.329+0000 INFO  [org.neo4j]: [target/batchinserter-example/neostore] brickCount=0 brickSize=0b mappedMem=0b (storeSize=63b)
2014-08-06 10:10:48.086+0000 INFO  [org.neo4j]: target/batchinserter-example/neostore.relationshiptypestore.db.names hit=0 miss=2 switches=0 ooe=0
2014-08-06 10:10:48.108+0000 INFO  [org.neo4j]: target/batchinserter-example/neostore.relationshiptypestore.db hit=0 miss=1 switches=0 ooe=0
2014-08-06 10:10:48.129+0000 INFO  [org.neo4j]: target/batchinserter-example/neostore.labeltokenstore.db.names hit=0 miss=2 switches=0 ooe=0
2014-08-06 10:10:48.146+0000 INFO  [org.neo4j]: target/batchinserter-example/neostore.labeltokenstore.db hit=0 miss=1 switches=0 ooe=0
2014-08-06 10:10:48.173+0000 INFO  [org.neo4j]: target/batchinserter-example/neostore.propertystore.db.strings hit=30562 miss=0 switches=0 ooe=0
2014-08-06 10:10:48.197+0000 INFO  [org.neo4j]: target/batchinserter-example/neostore.propertystore.db.index.keys hit=10 miss=0 switches=0 ooe=0
2014-08-06 10:10:48.216+0000 INFO  [org.neo4j]: target/batchinserter-example/neostore.propertystore.db.index hit=5 miss=0 switches=0 ooe=0
2014-08-06 10:10:48.238+0000 INFO  [org.neo4j]: target/batchinserter-example/neostore.propertystore.db.arrays hit=0 miss=0 switches=0 ooe=0
2014-08-06 10:10:48.263+0000 INFO  [org.neo4j]: target/batchinserter-example/neostore.propertystore.db hit=58908 miss=27612 switches=0 ooe=0
2014-08-06 10:10:48.284+0000 INFO  [org.neo4j]: target/batchinserter-example/neostore.relationshipstore.db hit=36139 miss=0 switches=0 ooe=0
2014-08-06 10:10:48.306+0000 INFO  [org.neo4j]: target/batchinserter-example/neostore.nodestore.db.labels hit=0 miss=0 switches=0 ooe=0
2014-08-06 10:10:48.328+0000 INFO  [org.neo4j]: target/batchinserter-example/neostore.nodestore.db hit=79443 miss=13980 switches=0 ooe=0
2014-08-06 10:10:48.350+0000 INFO  [org.neo4j]: target/batchinserter-example/neostore.schemastore.db hit=0 miss=4 switches=0 ooe=0
2014-08-06 10:10:48.373+0000 INFO  [org.neo4j]: target/batchinserter-example/neostore.relationshipgroupstore.db hit=0 miss=951 switches=0 ooe=0
2014-08-06 10:10:48.392+0000 INFO  [org.neo4j]: target/batchinserter-example/neostore hit=0 miss=2 switches=0 ooe=0
2014-08-06 10:10:48.413+0000 INFO  [org.neo4j]: Thread[main,5,main] Clean shutdown on BatchInserter(EmbeddedBatchInserter[target/batchinserter-example])
2014-08-06 10:12:08.774+0000 INFO  [org.neo4j]: Thread[main,5,main] Starting BatchInserter(EmbeddedBatchInserter[target/batchinserter-example])
2014-08-06 10:12:08.774+0000 INFO  [org.neo4j]: [target/batchinserter-example/neostore.relationshiptypestore.db.names] brickCount=0 brickSize=0b mappedMem=0b (storeSize=76b)
2014-08-06 10:12:08.774+0000 INFO  [org.neo4j]: [target/batchinserter-example/neostore.relationshiptypestore.db] brickCount=0 brickSize=0b mappedMem=0b (storeSize=5b)
2014-08-06 10:12:08.774+0000 INFO  [org.neo4j]: [target/batchinserter-example/neostore.labeltokenstore.db.names] brickCount=0 brickSize=0b mappedMem=0b (storeSize=76b)
2014-08-06 10:12:08.775+0000 INFO  [org.neo4j]: [target/batchinserter-example/neostore.labeltokenstore.db] brickCount=0 brickSize=0b mappedMem=0b (storeSize=5b)
2014-08-06 10:12:08.777+0000 INFO  [org.neo4j]: [target/batchinserter-example/neostore.propertystore.db.strings] brickCount=57 brickSize=136192b mappedMem=136314880b (storeSize=7824000b)
2014-08-06 10:12:08.777+0000 INFO  [org.neo4j]: [target/batchinserter-example/neostore.propertystore.db.index.keys] brickCount=0 brickSize=1026b mappedMem=1048576b (storeSize=228b)
2014-08-06 10:12:08.777+0000 INFO  [org.neo4j]: [target/batchinserter-example/neostore.propertystore.db.index] brickCount=0 brickSize=1044b mappedMem=1048576b (storeSize=45b)
2014-08-06 10:12:08.778+0000 INFO  [org.neo4j]: [target/batchinserter-example/neostore.propertystore.db.arrays] brickCount=0 brickSize=136192b mappedMem=136314880b (storeSize=128b)
2014-08-06 10:12:08.778+0000 INFO  [org.neo4j]: [target/batchinserter-example/neostore.propertystore.db] brickCount=25 brickSize=94341b mappedMem=94371840b (storeSize=2364880b)
2014-08-06 10:12:08.781+0000 INFO  [org.neo4j]: [target/batchinserter-example/neostore.relationshipstore.db] brickCount=16 brickSize=52428b mappedMem=52428800b (storeSize=857412b)
2014-08-06 10:12:08.786+0000 INFO  [org.neo4j]: [target/batchinserter-example/neostore.nodestore.db.labels] brickCount=0 brickSize=0b mappedMem=0b (storeSize=68b)
2014-08-06 10:12:08.790+0000 INFO  [org.neo4j]: [target/batchinserter-example/neostore.nodestore.db] brickCount=20 brickSize=20970b mappedMem=20971520b (storeSize=429870b)
2014-08-06 10:12:08.796+0000 INFO  [org.neo4j]: [target/batchinserter-example/neostore.schemastore.db] brickCount=0 brickSize=0b mappedMem=0b (storeSize=192b)
2014-08-06 10:12:08.802+0000 INFO  [org.neo4j]: [target/batchinserter-example/neostore.relationshipgroupstore.db] brickCount=0 brickSize=0b mappedMem=0b (storeSize=75b)
2014-08-06 10:12:08.802+0000 INFO  [org.neo4j]: [target/batchinserter-example/neostore] brickCount=0 brickSize=0b mappedMem=0b (storeSize=63b)
2014-08-06 10:12:10.656+0000 INFO  [org.neo4j]: target/batchinserter-example/neostore.relationshiptypestore.db.names hit=0 miss=2 switches=0 ooe=0
2014-08-06 10:12:10.677+0000 INFO  [org.neo4j]: target/batchinserter-example/neostore.relationshiptypestore.db hit=0 miss=1 switches=0 ooe=0
2014-08-06 10:12:10.699+0000 INFO  [org.neo4j]: target/batchinserter-example/neostore.labeltokenstore.db.names hit=0 miss=2 switches=0 ooe=0
2014-08-06 10:12:10.722+0000 INFO  [org.neo4j]: target/batchinserter-example/neostore.labeltokenstore.db hit=0 miss=1 switches=0 ooe=0
2014-08-06 10:12:10.750+0000 INFO  [org.neo4j]: target/batchinserter-example/neostore.propertystore.db.strings hit=30562 miss=0 switches=0 ooe=0
2014-08-06 10:12:10.768+0000 INFO  [org.neo4j]: target/batchinserter-example/neostore.propertystore.db.index.keys hit=10 miss=0 switches=0 ooe=0
2014-08-06 10:12:10.790+0000 INFO  [org.neo4j]: target/batchinserter-example/neostore.propertystore.db.index hit=5 miss=0 switches=0 ooe=0
2014-08-06 10:12:10.812+0000 INFO  [org.neo4j]: target/batchinserter-example/neostore.propertystore.db.arrays hit=0 miss=0 switches=0 ooe=0
2014-08-06 10:12:10.838+0000 INFO  [org.neo4j]: target/batchinserter-example/neostore.propertystore.db hit=58457 miss=56903 switches=0 ooe=0
2014-08-06 10:12:10.858+0000 INFO  [org.neo4j]: target/batchinserter-example/neostore.relationshipstore.db hit=36139 miss=0 switches=0 ooe=0
2014-08-06 10:12:10.881+0000 INFO  [org.neo4j]: target/batchinserter-example/neostore.nodestore.db.labels hit=0 miss=0 switches=0 ooe=0
2014-08-06 10:12:10.905+0000 INFO  [org.neo4j]: target/batchinserter-example/neostore.nodestore.db hit=79792 miss=27960 switches=0 ooe=0
2014-08-06 10:12:10.928+0000 INFO  [org.neo4j]: target/batchinserter-example/neostore.schemastore.db hit=0 miss=6 switches=0 ooe=0
2014-08-06 10:12:10.949+0000 INFO  [org.neo4j]: target/batchinserter-example/neostore.relationshipgroupstore.db hit=0 miss=951 switches=0 ooe=0
2014-08-06 10:12:10.971+0000 INFO  [org.neo4j]: target/batchinserter-example/neostore hit=0 miss=2 switches=0 ooe=0
2014-08-06 10:12:10.993+0000 INFO  [org.neo4j]: Thread[main,5,main] Clean shutdown on BatchInserter(EmbeddedBatchInserter[target/batchinserter-example])
2014-08-06 10:13:51.429+0000 INFO  [org.neo4j]: Thread[main,5,main] Starting BatchInserter(EmbeddedBatchInserter[target/batchinserter-example])
2014-08-06 10:13:51.429+0000 INFO  [org.neo4j]: [target/batchinserter-example/neostore.relationshiptypestore.db.names] brickCount=0 brickSize=0b mappedMem=0b (storeSize=76b)
2014-08-06 10:13:51.430+0000 INFO  [org.neo4j]: [target/batchinserter-example/neostore.relationshiptypestore.db] brickCount=0 brickSize=0b mappedMem=0b (storeSize=5b)
2014-08-06 10:13:51.430+0000 INFO  [org.neo4j]: [target/batchinserter-example/neostore.labeltokenstore.db.names] brickCount=0 brickSize=0b mappedMem=0b (storeSize=76b)
2014-08-06 10:13:51.430+0000 INFO  [org.neo4j]: [target/batchinserter-example/neostore.labeltokenstore.db] brickCount=0 brickSize=0b mappedMem=0b (storeSize=5b)
2014-08-06 10:13:51.431+0000 INFO  [org.neo4j]: [target/batchinserter-example/neostore.propertystore.db.strings] brickCount=86 brickSize=136192b mappedMem=136314880b (storeSize=11735936b)
2014-08-06 10:13:51.431+0000 INFO  [org.neo4j]: [target/batchinserter-example/neostore.propertystore.db.index.keys] brickCount=0 brickSize=1026b mappedMem=1048576b (storeSize=228b)
2014-08-06 10:13:51.432+0000 INFO  [org.neo4j]: [target/batchinserter-example/neostore.propertystore.db.index] brickCount=0 brickSize=1044b mappedMem=1048576b (storeSize=45b)
2014-08-06 10:13:51.432+0000 INFO  [org.neo4j]: [target/batchinserter-example/neostore.propertystore.db.arrays] brickCount=0 brickSize=136192b mappedMem=136314880b (storeSize=128b)
2014-08-06 10:13:51.432+0000 INFO  [org.neo4j]: [target/batchinserter-example/neostore.propertystore.db] brickCount=37 brickSize=94341b mappedMem=94371840b (storeSize=3547320b)
2014-08-06 10:13:51.435+0000 INFO  [org.neo4j]: [target/batchinserter-example/neostore.relationshipstore.db] brickCount=24 brickSize=52428b mappedMem=52428800b (storeSize=1286118b)
2014-08-06 10:13:51.440+0000 INFO  [org.neo4j]: [target/batchinserter-example/neostore.nodestore.db.labels] brickCount=0 brickSize=0b mappedMem=0b (storeSize=68b)
2014-08-06 10:13:51.447+0000 INFO  [org.neo4j]: [target/batchinserter-example/neostore.nodestore.db] brickCount=30 brickSize=20970b mappedMem=20971520b (storeSize=644805b)
2014-08-06 10:13:51.453+0000 INFO  [org.neo4j]: [target/batchinserter-example/neostore.schemastore.db] brickCount=0 brickSize=0b mappedMem=0b (storeSize=256b)
2014-08-06 10:13:51.454+0000 INFO  [org.neo4j]: [target/batchinserter-example/neostore.relationshipgroupstore.db] brickCount=0 brickSize=0b mappedMem=0b (storeSize=100b)
2014-08-06 10:13:51.455+0000 INFO  [org.neo4j]: [target/batchinserter-example/neostore] brickCount=0 brickSize=0b mappedMem=0b (storeSize=63b)
2014-08-06 10:13:53.478+0000 INFO  [org.neo4j]: target/batchinserter-example/neostore.relationshiptypestore.db.names hit=0 miss=2 switches=0 ooe=0
2014-08-06 10:13:53.499+0000 INFO  [org.neo4j]: target/batchinserter-example/neostore.relationshiptypestore.db hit=0 miss=1 switches=0 ooe=0
2014-08-06 10:13:53.517+0000 INFO  [org.neo4j]: target/batchinserter-example/neostore.labeltokenstore.db.names hit=0 miss=2 switches=0 ooe=0
2014-08-06 10:13:53.538+0000 INFO  [org.neo4j]: target/batchinserter-example/neostore.labeltokenstore.db hit=0 miss=1 switches=0 ooe=0
2014-08-06 10:13:53.568+0000 INFO  [org.neo4j]: target/batchinserter-example/neostore.propertystore.db.strings hit=30562 miss=0 switches=0 ooe=0
2014-08-06 10:13:53.587+0000 INFO  [org.neo4j]: target/batchinserter-example/neostore.propertystore.db.index.keys hit=10 miss=0 switches=0 ooe=0
2014-08-06 10:13:53.610+0000 INFO  [org.neo4j]: target/batchinserter-example/neostore.propertystore.db.index hit=5 miss=0 switches=0 ooe=0
2014-08-06 10:13:53.633+0000 INFO  [org.neo4j]: target/batchinserter-example/neostore.propertystore.db.arrays hit=0 miss=0 switches=0 ooe=0
2014-08-06 10:13:53.658+0000 INFO  [org.neo4j]: target/batchinserter-example/neostore.propertystore.db hit=59685 miss=84515 switches=0 ooe=0
2014-08-06 10:13:53.679+0000 INFO  [org.neo4j]: target/batchinserter-example/neostore.relationshipstore.db hit=36139 miss=0 switches=0 ooe=0
2014-08-06 10:13:53.695+0000 INFO  [org.neo4j]: target/batchinserter-example/neostore.nodestore.db.labels hit=0 miss=0 switches=0 ooe=0
2014-08-06 10:13:53.709+0000 INFO  [org.neo4j]: target/batchinserter-example/neostore.nodestore.db hit=80141 miss=41940 switches=0 ooe=0
2014-08-06 10:13:53.731+0000 INFO  [org.neo4j]: target/batchinserter-example/neostore.schemastore.db hit=0 miss=8 switches=0 ooe=0
2014-08-06 10:13:53.753+0000 INFO  [org.neo4j]: target/batchinserter-example/neostore.relationshipgroupstore.db hit=0 miss=951 switches=0 ooe=0
2014-08-06 10:13:53.777+0000 INFO  [org.neo4j]: target/batchinserter-example/neostore hit=0 miss=2 switches=0 ooe=0
2014-08-06 10:13:53.800+0000 INFO  [org.neo4j]: Thread[main,5,main] Clean shutdown on BatchInserter(EmbeddedBatchInserter[target/batchinserter-example])
2014-08-06 10:16:12.118+0000 INFO  [org.neo4j]: Thread[main,5,main] Starting BatchInserter(EmbeddedBatchInserter[target/batchinserter-example])
2014-08-06 10:16:12.119+0000 INFO  [org.neo4j]: [target/batchinserter-example/neostore.relationshiptypestore.db.names] brickCount=0 brickSize=0b mappedMem=0b (storeSize=76b)
2014-08-06 10:16:12.119+0000 INFO  [org.neo4j]: [target/batchinserter-example/neostore.relationshiptypestore.db] brickCount=0 brickSize=0b mappedMem=0b (storeSize=5b)
2014-08-06 10:16:12.119+0000 INFO  [org.neo4j]: [target/batchinserter-example/neostore.labeltokenstore.db.names] brickCount=0 brickSize=0b mappedMem=0b (storeSize=76b)
2014-08-06 10:16:12.120+0000 INFO  [org.neo4j]: [target/batchinserter-example/neostore.labeltokenstore.db] brickCount=0 brickSize=0b mappedMem=0b (storeSize=5b)
2014-08-06 10:16:12.120+0000 INFO  [org.neo4j]: [target/batchinserter-example/neostore.propertystore.db.strings] brickCount=114 brickSize=136192b mappedMem=136314880b (storeSize=15647872b)
2014-08-06 10:16:12.120+0000 INFO  [org.neo4j]: [target/batchinserter-example/neostore.propertystore.db.index.keys] brickCount=0 brickSize=1026b mappedMem=1048576b (storeSize=228b)
2014-08-06 10:16:12.123+0000 INFO  [org.neo4j]: [target/batchinserter-example/neostore.propertystore.db.index] brickCount=0 brickSize=1044b mappedMem=1048576b (storeSize=45b)
2014-08-06 10:16:12.128+0000 INFO  [org.neo4j]: [target/batchinserter-example/neostore.propertystore.db.arrays] brickCount=0 brickSize=136192b mappedMem=136314880b (storeSize=128b)
2014-08-06 10:16:12.130+0000 INFO  [org.neo4j]: [target/batchinserter-example/neostore.propertystore.db] brickCount=50 brickSize=94341b mappedMem=94371840b (storeSize=4729760b)
2014-08-06 10:16:12.131+0000 INFO  [org.neo4j]: [target/batchinserter-example/neostore.relationshipstore.db] brickCount=32 brickSize=52428b mappedMem=52428800b (storeSize=1714824b)
2014-08-06 10:16:12.131+0000 INFO  [org.neo4j]: [target/batchinserter-example/neostore.nodestore.db.labels] brickCount=0 brickSize=0b mappedMem=0b (storeSize=68b)
2014-08-06 10:16:12.131+0000 INFO  [org.neo4j]: [target/batchinserter-example/neostore.nodestore.db] brickCount=40 brickSize=20970b mappedMem=20971520b (storeSize=859740b)
2014-08-06 10:16:12.132+0000 INFO  [org.neo4j]: [target/batchinserter-example/neostore.schemastore.db] brickCount=0 brickSize=0b mappedMem=0b (storeSize=320b)
2014-08-06 10:16:12.135+0000 INFO  [org.neo4j]: [target/batchinserter-example/neostore.relationshipgroupstore.db] brickCount=0 brickSize=0b mappedMem=0b (storeSize=125b)
2014-08-06 10:16:12.146+0000 INFO  [org.neo4j]: [target/batchinserter-example/neostore] brickCount=0 brickSize=0b mappedMem=0b (storeSize=63b)
2014-08-06 10:16:14.426+0000 INFO  [org.neo4j]: target/batchinserter-example/neostore.relationshiptypestore.db.names hit=0 miss=2 switches=0 ooe=0
2014-08-06 10:16:14.444+0000 INFO  [org.neo4j]: target/batchinserter-example/neostore.relationshiptypestore.db hit=0 miss=1 switches=0 ooe=0
2014-08-06 10:16:14.467+0000 INFO  [org.neo4j]: target/batchinserter-example/neostore.labeltokenstore.db.names hit=0 miss=2 switches=0 ooe=0
2014-08-06 10:16:14.489+0000 INFO  [org.neo4j]: target/batchinserter-example/neostore.labeltokenstore.db hit=0 miss=1 switches=0 ooe=0
2014-08-06 10:16:14.517+0000 INFO  [org.neo4j]: target/batchinserter-example/neostore.propertystore.db.strings hit=30562 miss=0 switches=0 ooe=0
2014-08-06 10:16:14.535+0000 INFO  [org.neo4j]: target/batchinserter-example/neostore.propertystore.db.index.keys hit=10 miss=0 switches=0 ooe=0
2014-08-06 10:16:14.555+0000 INFO  [org.neo4j]: target/batchinserter-example/neostore.propertystore.db.index hit=5 miss=0 switches=0 ooe=0
2014-08-06 10:16:14.570+0000 INFO  [org.neo4j]: target/batchinserter-example/neostore.propertystore.db.arrays hit=0 miss=0 switches=0 ooe=0
2014-08-06 10:16:14.591+0000 INFO  [org.neo4j]: target/batchinserter-example/neostore.propertystore.db hit=59234 miss=113806 switches=0 ooe=0
2014-08-06 10:16:14.611+0000 INFO  [org.neo4j]: target/batchinserter-example/neostore.relationshipstore.db hit=36139 miss=0 switches=0 ooe=0
2014-08-06 10:16:14.635+0000 INFO  [org.neo4j]: target/batchinserter-example/neostore.nodestore.db.labels hit=0 miss=0 switches=0 ooe=0
2014-08-06 10:16:14.661+0000 INFO  [org.neo4j]: target/batchinserter-example/neostore.nodestore.db hit=80818 miss=55592 switches=0 ooe=0
2014-08-06 10:16:14.684+0000 INFO  [org.neo4j]: target/batchinserter-example/neostore.schemastore.db hit=0 miss=10 switches=0 ooe=0
2014-08-06 10:16:14.704+0000 INFO  [org.neo4j]: target/batchinserter-example/neostore.relationshipgroupstore.db hit=0 miss=951 switches=0 ooe=0
2014-08-06 10:16:14.727+0000 INFO  [org.neo4j]: target/batchinserter-example/neostore hit=0 miss=2 switches=0 ooe=0
2014-08-06 10:16:14.749+0000 INFO  [org.neo4j]: Thread[main,5,main] Clean shutdown on BatchInserter(EmbeddedBatchInserter[target/batchinserter-example])
2014-08-06 10:16:48.265+0000 INFO  [org.neo4j]: Thread[main,5,main] Starting BatchInserter(EmbeddedBatchInserter[target/batchinserter-example])
2014-08-06 10:16:48.265+0000 INFO  [org.neo4j]: [target/batchinserter-example/neostore.relationshiptypestore.db.names] brickCount=0 brickSize=0b mappedMem=0b (storeSize=76b)
2014-08-06 10:16:48.265+0000 INFO  [org.neo4j]: [target/batchinserter-example/neostore.relationshiptypestore.db] brickCount=0 brickSize=0b mappedMem=0b (storeSize=5b)
2014-08-06 10:16:48.266+0000 INFO  [org.neo4j]: [target/batchinserter-example/neostore.labeltokenstore.db.names] brickCount=0 brickSize=0b mappedMem=0b (storeSize=76b)
2014-08-06 10:16:48.266+0000 INFO  [org.neo4j]: [target/batchinserter-example/neostore.labeltokenstore.db] brickCount=0 brickSize=0b mappedMem=0b (storeSize=5b)
2014-08-06 10:16:48.268+0000 INFO  [org.neo4j]: [target/batchinserter-example/neostore.propertystore.db.strings] brickCount=143 brickSize=136192b mappedMem=136314880b (storeSize=19559808b)
2014-08-06 10:16:48.268+0000 INFO  [org.neo4j]: [target/batchinserter-example/neostore.propertystore.db.index.keys] brickCount=0 brickSize=1026b mappedMem=1048576b (storeSize=228b)
2014-08-06 10:16:48.268+0000 INFO  [org.neo4j]: [target/batchinserter-example/neostore.propertystore.db.index] brickCount=0 brickSize=1044b mappedMem=1048576b (storeSize=45b)
2014-08-06 10:16:48.268+0000 INFO  [org.neo4j]: [target/batchinserter-example/neostore.propertystore.db.arrays] brickCount=0 brickSize=136192b mappedMem=136314880b (storeSize=128b)
2014-08-06 10:16:48.269+0000 INFO  [org.neo4j]: [target/batchinserter-example/neostore.propertystore.db] brickCount=62 brickSize=94341b mappedMem=94371840b (storeSize=5912200b)
2014-08-06 10:16:48.269+0000 INFO  [org.neo4j]: [target/batchinserter-example/neostore.relationshipstore.db] brickCount=40 brickSize=52428b mappedMem=52428800b (storeSize=2143530b)
2014-08-06 10:16:48.274+0000 INFO  [org.neo4j]: [target/batchinserter-example/neostore.nodestore.db.labels] brickCount=0 brickSize=0b mappedMem=0b (storeSize=68b)
2014-08-06 10:16:48.280+0000 INFO  [org.neo4j]: [target/batchinserter-example/neostore.nodestore.db] brickCount=51 brickSize=20970b mappedMem=20971520b (storeSize=1074675b)
2014-08-06 10:16:48.285+0000 INFO  [org.neo4j]: [target/batchinserter-example/neostore.schemastore.db] brickCount=0 brickSize=0b mappedMem=0b (storeSize=384b)
2014-08-06 10:16:48.289+0000 INFO  [org.neo4j]: [target/batchinserter-example/neostore.relationshipgroupstore.db] brickCount=0 brickSize=0b mappedMem=0b (storeSize=150b)
2014-08-06 10:16:48.298+0000 INFO  [org.neo4j]: [target/batchinserter-example/neostore] brickCount=0 brickSize=0b mappedMem=0b (storeSize=63b)
2014-08-06 10:16:50.770+0000 INFO  [org.neo4j]: target/batchinserter-example/neostore.relationshiptypestore.db.names hit=0 miss=2 switches=0 ooe=0
2014-08-06 10:16:50.789+0000 INFO  [org.neo4j]: target/batchinserter-example/neostore.relationshiptypestore.db hit=0 miss=1 switches=0 ooe=0
2014-08-06 10:16:50.811+0000 INFO  [org.neo4j]: target/batchinserter-example/neostore.labeltokenstore.db.names hit=0 miss=2 switches=0 ooe=0
2014-08-06 10:16:50.829+0000 INFO  [org.neo4j]: target/batchinserter-example/neostore.labeltokenstore.db hit=0 miss=1 switches=0 ooe=0
2014-08-06 10:16:50.857+0000 INFO  [org.neo4j]: target/batchinserter-example/neostore.propertystore.db.strings hit=30562 miss=0 switches=0 ooe=0
2014-08-06 10:16:50.877+0000 INFO  [org.neo4j]: target/batchinserter-example/neostore.propertystore.db.index.keys hit=10 miss=0 switches=0 ooe=0
2014-08-06 10:16:50.894+0000 INFO  [org.neo4j]: target/batchinserter-example/neostore.propertystore.db.index hit=5 miss=0 switches=0 ooe=0
2014-08-06 10:16:50.918+0000 INFO  [org.neo4j]: target/batchinserter-example/neostore.propertystore.db.arrays hit=0 miss=0 switches=0 ooe=0
2014-08-06 10:16:50.942+0000 INFO  [org.neo4j]: target/batchinserter-example/neostore.propertystore.db hit=60462 miss=141418 switches=0 ooe=0
2014-08-06 10:16:50.963+0000 INFO  [org.neo4j]: target/batchinserter-example/neostore.relationshipstore.db hit=36139 miss=0 switches=0 ooe=0
2014-08-06 10:16:50.984+0000 INFO  [org.neo4j]: target/batchinserter-example/neostore.nodestore.db.labels hit=0 miss=0 switches=0 ooe=0
2014-08-06 10:16:51.007+0000 INFO  [org.neo4j]: target/batchinserter-example/neostore.nodestore.db hit=79769 miss=70970 switches=0 ooe=0
2014-08-06 10:16:51.028+0000 INFO  [org.neo4j]: target/batchinserter-example/neostore.schemastore.db hit=0 miss=12 switches=0 ooe=0
2014-08-06 10:16:51.050+0000 INFO  [org.neo4j]: target/batchinserter-example/neostore.relationshipgroupstore.db hit=0 miss=951 switches=0 ooe=0
2014-08-06 10:16:51.074+0000 INFO  [org.neo4j]: target/batchinserter-example/neostore hit=0 miss=2 switches=0 ooe=0
2014-08-06 10:16:51.095+0000 INFO  [org.neo4j]: Thread[main,5,main] Clean shutdown on BatchInserter(EmbeddedBatchInserter[target/batchinserter-example])
2014-08-06 10:17:29.719+0000 INFO  [org.neo4j]: Thread[main,5,main] Starting BatchInserter(EmbeddedBatchInserter[target/batchinserter-example])
2014-08-06 10:17:29.719+0000 INFO  [org.neo4j]: [target/batchinserter-example/neostore.relationshiptypestore.db.names] brickCount=0 brickSize=0b mappedMem=0b (storeSize=76b)
2014-08-06 10:17:29.719+0000 INFO  [org.neo4j]: [target/batchinserter-example/neostore.relationshiptypestore.db] brickCount=0 brickSize=0b mappedMem=0b (storeSize=5b)
2014-08-06 10:17:29.720+0000 INFO  [org.neo4j]: [target/batchinserter-example/neostore.labeltokenstore.db.names] brickCount=0 brickSize=0b mappedMem=0b (storeSize=76b)
2014-08-06 10:17:29.720+0000 INFO  [org.neo4j]: [target/batchinserter-example/neostore.labeltokenstore.db] brickCount=0 brickSize=0b mappedMem=0b (storeSize=5b)
2014-08-06 10:17:29.720+0000 INFO  [org.neo4j]: [target/batchinserter-example/neostore.propertystore.db.strings] brickCount=172 brickSize=136192b mappedMem=136314880b (storeSize=23471744b)
2014-08-06 10:17:29.721+0000 INFO  [org.neo4j]: [target/batchinserter-example/neostore.propertystore.db.index.keys] brickCount=0 brickSize=1026b mappedMem=1048576b (storeSize=228b)
2014-08-06 10:17:29.721+0000 INFO  [org.neo4j]: [target/batchinserter-example/neostore.propertystore.db.index] brickCount=0 brickSize=1044b mappedMem=1048576b (storeSize=45b)
2014-08-06 10:17:29.721+0000 INFO  [org.neo4j]: [target/batchinserter-example/neostore.propertystore.db.arrays] brickCount=0 brickSize=136192b mappedMem=136314880b (storeSize=128b)
2014-08-06 10:17:29.724+0000 INFO  [org.neo4j]: [target/batchinserter-example/neostore.propertystore.db] brickCount=75 brickSize=94341b mappedMem=94371840b (storeSize=7094640b)
2014-08-06 10:17:29.729+0000 INFO  [org.neo4j]: [target/batchinserter-example/neostore.relationshipstore.db] brickCount=49 brickSize=52428b mappedMem=52428800b (storeSize=2572236b)
2014-08-06 10:17:29.733+0000 INFO  [org.neo4j]: [target/batchinserter-example/neostore.nodestore.db.labels] brickCount=0 brickSize=0b mappedMem=0b (storeSize=68b)
2014-08-06 10:17:29.737+0000 INFO  [org.neo4j]: [target/batchinserter-example/neostore.nodestore.db] brickCount=61 brickSize=20970b mappedMem=20971520b (storeSize=1289610b)
2014-08-06 10:17:29.741+0000 INFO  [org.neo4j]: [target/batchinserter-example/neostore.schemastore.db] brickCount=0 brickSize=0b mappedMem=0b (storeSize=448b)
2014-08-06 10:17:29.742+0000 INFO  [org.neo4j]: [target/batchinserter-example/neostore.relationshipgroupstore.db] brickCount=0 brickSize=0b mappedMem=0b (storeSize=175b)
2014-08-06 10:17:29.743+0000 INFO  [org.neo4j]: [target/batchinserter-example/neostore] brickCount=0 brickSize=0b mappedMem=0b (storeSize=63b)
2014-08-06 10:17:32.142+0000 INFO  [org.neo4j]: target/batchinserter-example/neostore.relationshiptypestore.db.names hit=0 miss=2 switches=0 ooe=0
2014-08-06 10:17:32.165+0000 INFO  [org.neo4j]: target/batchinserter-example/neostore.relationshiptypestore.db hit=0 miss=1 switches=0 ooe=0
2014-08-06 10:17:32.182+0000 INFO  [org.neo4j]: target/batchinserter-example/neostore.labeltokenstore.db.names hit=0 miss=2 switches=0 ooe=0
2014-08-06 10:17:32.197+0000 INFO  [org.neo4j]: target/batchinserter-example/neostore.labeltokenstore.db hit=0 miss=1 switches=0 ooe=0
2014-08-06 10:17:32.221+0000 INFO  [org.neo4j]: target/batchinserter-example/neostore.propertystore.db.strings hit=30562 miss=0 switches=0 ooe=0
2014-08-06 10:17:32.242+0000 INFO  [org.neo4j]: target/batchinserter-example/neostore.propertystore.db.index.keys hit=10 miss=0 switches=0 ooe=0
2014-08-06 10:17:32.263+0000 INFO  [org.neo4j]: target/batchinserter-example/neostore.propertystore.db.index hit=5 miss=0 switches=0 ooe=0
2014-08-06 10:17:32.283+0000 INFO  [org.neo4j]: target/batchinserter-example/neostore.propertystore.db.arrays hit=0 miss=0 switches=0 ooe=0
2014-08-06 10:17:32.307+0000 INFO  [org.neo4j]: target/batchinserter-example/neostore.propertystore.db hit=60011 miss=170709 switches=0 ooe=0
2014-08-06 10:17:32.332+0000 INFO  [org.neo4j]: target/batchinserter-example/neostore.relationshipstore.db hit=36139 miss=0 switches=0 ooe=0
2014-08-06 10:17:32.353+0000 INFO  [org.neo4j]: target/batchinserter-example/neostore.nodestore.db.labels hit=0 miss=0 switches=0 ooe=0
2014-08-06 10:17:32.376+0000 INFO  [org.neo4j]: target/batchinserter-example/neostore.nodestore.db hit=80118 miss=84950 switches=0 ooe=0
2014-08-06 10:17:32.398+0000 INFO  [org.neo4j]: target/batchinserter-example/neostore.schemastore.db hit=0 miss=14 switches=0 ooe=0
2014-08-06 10:17:32.420+0000 INFO  [org.neo4j]: target/batchinserter-example/neostore.relationshipgroupstore.db hit=0 miss=951 switches=0 ooe=0
2014-08-06 10:17:32.437+0000 INFO  [org.neo4j]: target/batchinserter-example/neostore hit=0 miss=2 switches=0 ooe=0
2014-08-06 10:17:32.454+0000 INFO  [org.neo4j]: Thread[main,5,main] Clean shutdown on BatchInserter(EmbeddedBatchInserter[target/batchinserter-example])
